<?xml version="1.0" encoding="UTF-8"?>
<testsuite xmlns:xsi="http://www.w3.org/2001/XMLSchema-instance" xsi:noNamespaceSchemaLocation="https://maven.apache.org/surefire/maven-surefire-plugin/xsd/surefire-test-report-3.0.xsd" version="3.0" name="com.testvagrant.interview.RC_Banglore.TestCase" time="0.504" tests="2" errors="0" skipped="0" failures="0">
  <properties>
[...]
</properties>
  <testcase name="Team_has_atleast_one_wc" classname="com.testvagrant.interview.RC_Banglore.TestCase" time="0.004"/>
  <testcase name="The_team_has_only_4_players" classname="com.testvagrant.interview.RC_Banglore.TestCase" time="0"/>
</testsuite>