<?xml version="1.0" encoding="UTF-8"?>
<!-- Generated by org.testng.reporters.JUnitXMLReporter -->
<testsuite hostname="5410-TH0174" ignored="0" name="Surefire test" tests="2" failures="0" timestamp="08 Feb 2023 06:38:32 GMT" time="0.266" errors="0">
  <testcase name="Team_has_atleast_one_wc" time="0.241" classname="com.testvagrant.interview.RC_Banglore.TestCase"/>
  <testcase name="The_team_has_only_4_players" time="0.001" classname="com.testvagrant.interview.RC_Banglore.TestCase"/>
</testsuite> <!-- Surefire test -->
